2020-11-26 21:37:47 INFO  Test:15 - Testing insert and select MyBatis
2020-11-26 21:37:48 DEBUG save:143 - ==>  Preparing: insert into Countries(name) values (?) 
2020-11-26 21:37:48 DEBUG save:143 - ==> Parameters: Argentina(String)
2020-11-26 21:37:48 DEBUG save:143 - ==>  Preparing: insert into Cities(name,id_country) values (?,?) 
2020-11-26 21:37:48 DEBUG save:143 - ==> Parameters: Buenos Aires(String), 1(Long)
2020-11-26 21:37:49 DEBUG save:143 - ==>  Preparing: insert into Cities(name,id_country) values (?,?) 
2020-11-26 21:37:49 DEBUG save:143 - ==> Parameters: Mar del plata(String), 1(Long)
2020-11-26 21:37:49 DEBUG save:143 - ==>  Preparing: insert into Cities(name,id_country) values (?,?) 
2020-11-26 21:37:49 DEBUG save:143 - ==> Parameters: Tandil(String), 1(Long)
2020-11-26 21:37:49 INFO  Test:29 - Getting the country saved
2020-11-26 21:37:49 DEBUG getById:143 - ==>  Preparing: select * from Countries where id = ? 
2020-11-26 21:37:49 DEBUG getById:143 - ==> Parameters: 1(Long)
2020-11-26 21:37:49 DEBUG getById:143 - <==      Total: 1
2020-11-26 21:37:49 INFO  Test:30 - Country [name=Argentina, cities=null]
2020-11-26 21:37:49 INFO  Test:31 - Getting the city 1 saved
2020-11-26 21:37:49 DEBUG getById:143 - ==>  Preparing: select * from Cities where id = ? 
2020-11-26 21:37:49 DEBUG getById:143 - ==> Parameters: 1(Long)
2020-11-26 21:37:49 DEBUG getById:143 - <==      Total: 1
2020-11-26 21:37:49 INFO  Test:32 - City [name=Buenos Aires]
2020-11-26 21:37:49 INFO  Test:33 - Getting the city 2 saved
2020-11-26 21:37:49 DEBUG getById:143 - ==>  Preparing: select * from Cities where id = ? 
2020-11-26 21:37:49 DEBUG getById:143 - ==> Parameters: 2(Long)
2020-11-26 21:37:49 DEBUG getById:143 - <==      Total: 1
2020-11-26 21:37:49 INFO  Test:34 - City [name=Mar del plata]
2020-11-26 21:37:49 INFO  Test:35 - Getting the city 3 saved
2020-11-26 21:37:49 DEBUG getById:143 - ==>  Preparing: select * from Cities where id = ? 
2020-11-26 21:37:49 DEBUG getById:143 - ==> Parameters: 3(Long)
2020-11-26 21:37:49 DEBUG getById:143 - <==      Total: 1
2020-11-26 21:37:49 INFO  Test:36 - City [name=Tandil]
2020-11-26 21:37:49 INFO  Test:37 - Testing MyBatis finished
2020-11-26 21:37:49 INFO  Test:39 - Deleting the city 1 saved
2020-11-26 21:37:49 DEBUG remove:143 - ==>  Preparing: delete from Cities where id = ? 
2020-11-26 21:37:49 DEBUG remove:143 - ==> Parameters: 1(Long)
2020-11-26 21:37:49 DEBUG remove:143 - <==    Updates: 1
2020-11-26 21:37:49 INFO  Test:41 - Deleting the city 2 saved
2020-11-26 21:37:49 DEBUG remove:143 - ==>  Preparing: delete from Cities where id = ? 
2020-11-26 21:37:49 DEBUG remove:143 - ==> Parameters: 2(Long)
2020-11-26 21:37:49 DEBUG remove:143 - <==    Updates: 1
2020-11-26 21:37:49 INFO  Test:43 - Deleting the city 3 saved
2020-11-26 21:37:49 DEBUG remove:143 - ==>  Preparing: delete from Cities where id = ? 
2020-11-26 21:37:49 DEBUG remove:143 - ==> Parameters: 3(Long)
2020-11-26 21:37:49 DEBUG remove:143 - <==    Updates: 1
2020-11-26 21:37:49 INFO  Test:45 - Deleting the country saved
2020-11-26 21:37:50 DEBUG remove:143 - ==>  Preparing: delete from Countries where id = ? 
2020-11-26 21:37:50 DEBUG remove:143 - ==> Parameters: 1(Long)
2020-11-26 21:37:50 DEBUG remove:143 - <==    Updates: 1
2020-11-26 21:37:50 INFO  Test:48 - Testing MyBatis finished
